 »   Warning: --build is now the default and can safely be omitted.

⬥ Deployments are "locked" for production context of this project


To override deployment lock (USE WITH CAUTION), use:
  netlify deploy --create-site <SITE_NAME> --prod-if-unlocked

Warning: Only use --prod-if-unlocked if you are absolutely sure you want to override the deployment lock.

? Would you like to "unlock" deployments for production context to proceed? 
(y/N) [1A[6D[82C[1B[2K[1A[2K[G? Would you like to "unlock" deployments for production context to proceed? 
(y/N) d[1A[7D[83C[1B[2K[1A[2K[G? Would you like to "unlock" deployments for production context to proceed? 
(y/N) de[1A[8D[84C[1B[2K[1A[2K[G? Would you like to "unlock" deployments for production context to proceed? 
(y/N) dep[1A[9D[85C[1B[2K[1A[2K[G? Would you like to "unlock" deployments for production context to proceed? 
(y/N) depl[1A[10D[86C[1B[2K[1A[2K[G? Would you like to "unlock" deployments for production context to proceed? 
(y/N) deplo[1A[11D[87C[1B[2K[1A[2K[G? Would you like to "unlock" deployments for production context to proceed? 
(y/N) deploy[1A[12D[88C[1B[2K[1A[2K[G? Would you like to "unlock" deployments for production context to proceed? 
(y/N) deploym[1A[13D[89C[1B[2K[1A[2K[G? Would you like to "unlock" deployments for production context to proceed? 
(y/N) deployme[1A[14D[90C[1B[2K[1A[2K[G? Would you like to "unlock" deployments for production context to proceed? 
(y/N) deploymen[1A[15D[91C[1B[2K[1A[2K[G? Would you like to "unlock" deployments for production context to proceed? 
(y/N) deployment[1A[16D[92C[1B[2K[1A[2K[G? Would you like to "unlock" deployments for production context to proceed? 
(y/N) deployment [1A[17D[93C[1B[2K[1A[2K[G? Would you like to "unlock" deployments for production context to proceed? 
(y/N) deployment b[1A[18D[94C[1B[2K[1A[2K[G? Would you like to "unlock" deployments for production context to proceed? 
(y/N) deployment bl[1A[19D[95C[1B[2K[1A[2K[G? Would you like to "unlock" deployments for production context to proceed? 
(y/N) deployment bli[1A[20D[96C[1B[2K[1A[2K[G? Would you like to "unlock" deployments for production context to proceed? 
(y/N) deployment blij[1A[21D[97C[1B[2K[1A[2K[G? Would you like to "unlock" deployments for production context to proceed? 
(y/N) deployment blijf[1A[22D[98C[1B[2K[1A[2K[G? Would you like to "unlock" deployments for production context to proceed? 
(y/N) deployment blijft[1A[23D[99C[1B
